

Microchip Technology PIC LITE Macro Assembler V1.41 build -162212810 
                                                                                               Fri Mar  3 14:35:08 2017

Microchip Technology Omniscient Code Generator v1.41 (Free mode) build 201701250102
     1                           	processor	12F1822
     2                           	opt	pw 120
     3                           	opt	lm
     4                           	psect	cinit,global,class=CODE,merge=1,delta=2
     5                           	psect	bssCOMMON,global,class=COMMON,space=1,delta=1
     6                           	psect	bssBANK0,global,class=BANK0,space=1,delta=1
     7                           	psect	clrtext,global,class=CODE,delta=2
     8                           	psect	cstackCOMMON,global,class=COMMON,space=1,delta=1
     9                           	psect	cstackBANK0,global,class=BANK0,space=1,delta=1
    10                           	psect	maintext,global,class=CODE,merge=1,split=1,delta=2
    11                           	psect	text1,local,class=CODE,merge=1,delta=2
    12                           	psect	text2,local,class=CODE,merge=1,delta=2
    13                           	psect	text3,local,class=CODE,merge=1,delta=2
    14                           	psect	text4,local,class=CODE,merge=1,delta=2
    15                           	psect	intentry,global,class=CODE,delta=2
    16                           	dabs	1,0x7E,2
    17  0000                     
    18                           ; Version 1.41
    19                           ; Generated 25/01/2017 GMT
    20                           ; 
    21                           ; Copyright © 2017, Microchip Technology Inc. and its subsidiaries ("Microchip")
    22                           ; All rights reserved.
    23                           ; 
    24                           ; This software is developed by Microchip Technology Inc. and its subsidiaries ("Microch
      +                          ip").
    25                           ; 
    26                           ; Redistribution and use in source and binary forms, with or without modification, are
    27                           ; permitted provided that the following conditions are met:
    28                           ; 
    29                           ;     1. Redistributions of source code must retain the above copyright notice, this lis
      +                          t of
    30                           ;        conditions and the following disclaimer.
    31                           ; 
    32                           ;     2. Redistributions in binary form must reproduce the above copyright notice, this 
      +                          list
    33                           ;        of conditions and the following disclaimer in the documentation and/or other
    34                           ;        materials provided with the distribution.
    35                           ; 
    36                           ;     3. Microchip's name may not be used to endorse or promote products derived from th
      +                          is
    37                           ;        software without specific prior written permission.
    38                           ; 
    39                           ; THIS SOFTWARE IS PROVIDED BY MICROCHIP "AS IS" AND ANY EXPRESS OR IMPLIED WARRANTIES,
    40                           ; INCLUDING, BUT NOT LIMITED TO, THE IMPLIED WARRANTIES OF MERCHANTABILITY AND FITNESS F
      +                          OR
    41                           ; PURPOSE ARE DISCLAIMED.  IN NO EVENT SHALL MICROCHIP BE LIABLE FOR ANY DIRECT, INDIREC
      +                          T,
    42                           ; INCIDENTAL, SPECIAL, EXEMPLARY, OR CONSEQUENTIAL DAMAGES (INCLUDING BUT NOT LIMITED TO
    43                           ; PROCUREMENT OF SUBSTITUTE GOODS OR SERVICES; LOSS OF USE, DATA OR PROFITS; OR BUSINESS
    44                           ; INTERRUPTION) HOWSOEVER CAUSED AND ON ANY THEORY OF LIABILITY, WHETHER IN CONTRACT, ST
      +                          RICT
    45                           ; LIABILITY, OR TORT (INCLUDING NEGLIGENCE OR OTHERWISE) ARISING IN ANY WAY OUT OF THE U
      +                          SE OF
    46                           ; THIS SOFTWARE, EVEN IF ADVISED OF THE POSSIBILITY OF SUCH DAMAGE.
    47                           ; 
    48                           ; 
    49                           ; Code-generator required, PIC12F1822 Definitions
    50                           ; 
    51                           ; SFR Addresses
    52  0000                     	;# 
    53  0001                     	;# 
    54  0002                     	;# 
    55  0003                     	;# 
    56  0004                     	;# 
    57  0005                     	;# 
    58  0006                     	;# 
    59  0007                     	;# 
    60  0008                     	;# 
    61  0009                     	;# 
    62  000A                     	;# 
    63  000B                     	;# 
    64  000C                     	;# 
    65  0011                     	;# 
    66  0012                     	;# 
    67  0015                     	;# 
    68  0016                     	;# 
    69  0016                     	;# 
    70  0017                     	;# 
    71  0018                     	;# 
    72  0019                     	;# 
    73  001A                     	;# 
    74  001B                     	;# 
    75  001C                     	;# 
    76  001E                     	;# 
    77  001F                     	;# 
    78  008C                     	;# 
    79  0091                     	;# 
    80  0092                     	;# 
    81  0095                     	;# 
    82  0096                     	;# 
    83  0097                     	;# 
    84  0098                     	;# 
    85  0099                     	;# 
    86  009A                     	;# 
    87  009B                     	;# 
    88  009B                     	;# 
    89  009C                     	;# 
    90  009D                     	;# 
    91  009E                     	;# 
    92  010C                     	;# 
    93  0111                     	;# 
    94  0112                     	;# 
    95  0115                     	;# 
    96  0116                     	;# 
    97  0117                     	;# 
    98  0118                     	;# 
    99  0119                     	;# 
   100  011A                     	;# 
   101  011B                     	;# 
   102  011D                     	;# 
   103  011D                     	;# 
   104  018C                     	;# 
   105  0191                     	;# 
   106  0191                     	;# 
   107  0192                     	;# 
   108  0193                     	;# 
   109  0193                     	;# 
   110  0193                     	;# 
   111  0194                     	;# 
   112  0195                     	;# 
   113  0196                     	;# 
   114  0199                     	;# 
   115  019A                     	;# 
   116  019B                     	;# 
   117  019B                     	;# 
   118  019B                     	;# 
   119  019B                     	;# 
   120  019C                     	;# 
   121  019C                     	;# 
   122  019D                     	;# 
   123  019E                     	;# 
   124  019F                     	;# 
   125  020C                     	;# 
   126  0211                     	;# 
   127  0211                     	;# 
   128  0212                     	;# 
   129  0212                     	;# 
   130  0213                     	;# 
   131  0213                     	;# 
   132  0214                     	;# 
   133  0214                     	;# 
   134  0215                     	;# 
   135  0215                     	;# 
   136  0215                     	;# 
   137  0216                     	;# 
   138  0216                     	;# 
   139  0217                     	;# 
   140  0217                     	;# 
   141  0291                     	;# 
   142  0291                     	;# 
   143  0292                     	;# 
   144  0293                     	;# 
   145  0294                     	;# 
   146  0295                     	;# 
   147  0295                     	;# 
   148  0296                     	;# 
   149  0391                     	;# 
   150  0392                     	;# 
   151  0393                     	;# 
   152  039A                     	;# 
   153  039C                     	;# 
   154  039D                     	;# 
   155  039E                     	;# 
   156  039F                     	;# 
   157  0FE4                     	;# 
   158  0FE5                     	;# 
   159  0FE6                     	;# 
   160  0FE7                     	;# 
   161  0FE8                     	;# 
   162  0FE9                     	;# 
   163  0FEA                     	;# 
   164  0FEB                     	;# 
   165  0FED                     	;# 
   166  0FEE                     	;# 
   167  0FEF                     	;# 
   168  0000                     	;# 
   169  0001                     	;# 
   170  0002                     	;# 
   171  0003                     	;# 
   172  0004                     	;# 
   173  0005                     	;# 
   174  0006                     	;# 
   175  0007                     	;# 
   176  0008                     	;# 
   177  0009                     	;# 
   178  000A                     	;# 
   179  000B                     	;# 
   180  000C                     	;# 
   181  0011                     	;# 
   182  0012                     	;# 
   183  0015                     	;# 
   184  0016                     	;# 
   185  0016                     	;# 
   186  0017                     	;# 
   187  0018                     	;# 
   188  0019                     	;# 
   189  001A                     	;# 
   190  001B                     	;# 
   191  001C                     	;# 
   192  001E                     	;# 
   193  001F                     	;# 
   194  008C                     	;# 
   195  0091                     	;# 
   196  0092                     	;# 
   197  0095                     	;# 
   198  0096                     	;# 
   199  0097                     	;# 
   200  0098                     	;# 
   201  0099                     	;# 
   202  009A                     	;# 
   203  009B                     	;# 
   204  009B                     	;# 
   205  009C                     	;# 
   206  009D                     	;# 
   207  009E                     	;# 
   208  010C                     	;# 
   209  0111                     	;# 
   210  0112                     	;# 
   211  0115                     	;# 
   212  0116                     	;# 
   213  0117                     	;# 
   214  0118                     	;# 
   215  0119                     	;# 
   216  011A                     	;# 
   217  011B                     	;# 
   218  011D                     	;# 
   219  011D                     	;# 
   220  018C                     	;# 
   221  0191                     	;# 
   222  0191                     	;# 
   223  0192                     	;# 
   224  0193                     	;# 
   225  0193                     	;# 
   226  0193                     	;# 
   227  0194                     	;# 
   228  0195                     	;# 
   229  0196                     	;# 
   230  0199                     	;# 
   231  019A                     	;# 
   232  019B                     	;# 
   233  019B                     	;# 
   234  019B                     	;# 
   235  019B                     	;# 
   236  019C                     	;# 
   237  019C                     	;# 
   238  019D                     	;# 
   239  019E                     	;# 
   240  019F                     	;# 
   241  020C                     	;# 
   242  0211                     	;# 
   243  0211                     	;# 
   244  0212                     	;# 
   245  0212                     	;# 
   246  0213                     	;# 
   247  0213                     	;# 
   248  0214                     	;# 
   249  0214                     	;# 
   250  0215                     	;# 
   251  0215                     	;# 
   252  0215                     	;# 
   253  0216                     	;# 
   254  0216                     	;# 
   255  0217                     	;# 
   256  0217                     	;# 
   257  0291                     	;# 
   258  0291                     	;# 
   259  0292                     	;# 
   260  0293                     	;# 
   261  0294                     	;# 
   262  0295                     	;# 
   263  0295                     	;# 
   264  0296                     	;# 
   265  0391                     	;# 
   266  0392                     	;# 
   267  0393                     	;# 
   268  039A                     	;# 
   269  039C                     	;# 
   270  039D                     	;# 
   271  039E                     	;# 
   272  039F                     	;# 
   273  0FE4                     	;# 
   274  0FE5                     	;# 
   275  0FE6                     	;# 
   276  0FE7                     	;# 
   277  0FE8                     	;# 
   278  0FE9                     	;# 
   279  0FEA                     	;# 
   280  0FEB                     	;# 
   281  0FED                     	;# 
   282  0FEE                     	;# 
   283  0FEF                     	;# 
   284  005F                     _GIE	set	95
   285  005E                     _PEIE	set	94
   286  0093                     _BCL1IF	set	147
   287  008B                     _SSP1IF	set	139
   288  009D                     _ADCON0	set	157
   289  009E                     _ADCON1	set	158
   290  008C                     _TRISA	set	140
   291  0095                     _OPTION_REG	set	149
   292  0099                     _OSCCON	set	153
   293  009B                     _ADRESL	set	155
   294  009C                     _ADRESH	set	156
   295  0493                     _BCL1IE	set	1171
   296  048B                     _SSP1IE	set	1163
   297  04E9                     _GO_nDONE	set	1257
   298  018C                     _ANSELA	set	396
   299  0213                     _SSP1MSK	set	531
   300  0212                     _SSP1ADD	set	530
   301  0215                     _SSP1CON1	set	533
   302  0214                     _SSP1STAT	set	532
   303  0216                     _SSP1CON2bits	set	534
   304  0215                     _SSP1CON1bits	set	533
   305  0211                     _SSP1BUF	set	529
   306  0214                     _SSP1STATbits	set	532
   307                           
   308                           ; #config settings
   309  0000                     
   310                           	psect	cinit
   311  0063                     start_initialization:	
   312  0063                     __initialization:	
   313                           
   314                           ; Clear objects allocated to COMMON
   315  0063  01F9               	clrf	__pbssCOMMON& (0+127)
   316  0064  01FA               	clrf	(__pbssCOMMON+1)& (0+127)
   317                           
   318                           ; Clear objects allocated to BANK0
   319  0065  3020               	movlw	low __pbssBANK0
   320  0066  0084               	movwf	4
   321  0067  3000               	movlw	high __pbssBANK0
   322  0068  0085               	movwf	5
   323  0069  3012               	movlw	18
   324  006A  2145               	fcall	clear_ram0
   325  006B                     end_of_initialization:	
   326                           ;End of C runtime variable initialization code
   327                           
   328  006B                     __end_of__initialization:	
   329  006B  107E               	bcf	int$flags,0	;clear compiler interrupt flag (level 1)
   330  006C  0020               	movlb	0
   331  006D  286E               	ljmp	_main	;jump to C main() function
   332                           
   333                           	psect	bssCOMMON
   334  0079                     __pbssCOMMON:	
   335  0079                     _Rdtp:	
   336  0079                     	ds	1
   337  007A                     _Sdtp:	
   338  007A                     	ds	1
   339                           
   340                           	psect	bssBANK0
   341  0020                     __pbssBANK0:	
   342  0020                     _rcv_flg:	
   343  0020                     	ds	2
   344  0022                     _snd_data:	
   345  0022                     	ds	8
   346  002A                     _rcv_data:	
   347  002A                     	ds	8
   348                           
   349                           	psect	clrtext
   350  0145                     clear_ram0:	
   351                           ;	Called with FSR0 containing the base address, and
   352                           ;	WREG with the size to clear
   353                           
   354  0145  0064               	clrwdt	;clear the watchdog before getting into this loop
   355  0146                     clrloop0:	
   356  0146  0180               	clrf	0	;clear RAM location pointed to by FSR
   357  0147  3101               	addfsr 0,1
   358  0148  0B89               	decfsz	9,f	;Have we reached the end of clearing yet?
   359  0149  2946               	goto	clrloop0	;have we reached the end yet?
   360  014A  3400               	retlw	0	;all done for this memory range, return
   361                           
   362                           	psect	cstackCOMMON
   363  0070                     __pcstackCOMMON:	
   364  0070                     ?_main:	
   365  0070                     ?_InterI2C:	
   366                           ; 1 bytes @ 0x0
   367                           
   368  0070                     ??_InterI2C:	
   369                           ; 1 bytes @ 0x0
   370                           
   371                           
   372                           ; 1 bytes @ 0x0
   373  0070                     	ds	2
   374  0072                     InterI2C@x:	
   375                           
   376                           ; 1 bytes @ 0x2
   377  0072                     	ds	1
   378  0073                     ?_InitI2C_Slave:	
   379  0073                     ?_Delay_ms:	
   380                           ; 1 bytes @ 0x3
   381                           
   382  0073                     ?_I2C_ReceiveCheck:	
   383                           ; 1 bytes @ 0x3
   384                           
   385  0073                     ?_adconv:	
   386                           ; 2 bytes @ 0x3
   387                           
   388  0073                     Delay_ms@DELAY_CNT:	
   389                           ; 2 bytes @ 0x3
   390                           
   391  0073                     InitI2C_Slave@address:	
   392                           ; 2 bytes @ 0x3
   393                           
   394                           
   395                           ; 2 bytes @ 0x3
   396  0073                     	ds	2
   397  0075                     ??_InitI2C_Slave:	
   398  0075                     ??_I2C_ReceiveCheck:	
   399                           ; 1 bytes @ 0x5
   400                           
   401  0075                     ??_Delay_ms:	
   402                           ; 1 bytes @ 0x5
   403                           
   404  0075                     adconv@temp:	
   405                           ; 1 bytes @ 0x5
   406                           
   407  0075                     I2C_ReceiveCheck@ans:	
   408                           ; 2 bytes @ 0x5
   409                           
   410                           
   411                           ; 2 bytes @ 0x5
   412  0075                     	ds	1
   413  0076                     Delay_ms@i:	
   414                           
   415                           ; 2 bytes @ 0x6
   416  0076                     	ds	2
   417  0078                     ??_main:	
   418                           
   419                           ; 1 bytes @ 0x8
   420  0078                     	ds	1
   421                           
   422                           	psect	cstackBANK0
   423  0032                     __pcstackBANK0:	
   424  0032                     ??_adconv:	
   425                           
   426                           ; 1 bytes @ 0x0
   427  0032                     	ds	6
   428  0038                     main@temp:	
   429                           
   430                           ; 2 bytes @ 0x6
   431  0038                     	ds	2
   432                           
   433                           	psect	maintext
   434  006E                     __pmaintext:	
   435 ;;
   436 ;;Main: autosize = 0, tempsize = 1, incstack = 0, save=0
   437 ;;
   438 ;; *************** function _main *****************
   439 ;; Defined at:
   440 ;;		line 64 in file "main.c"
   441 ;; Parameters:    Size  Location     Type
   442 ;;		None
   443 ;; Auto vars:     Size  Location     Type
   444 ;;  temp            2    6[BANK0 ] unsigned int 
   445 ;; Return value:  Size  Location     Type
   446 ;;                  1    wreg      void 
   447 ;; Registers used:
   448 ;;		wreg, fsr0l, fsr0h, status,2, status,0, pclath, cstack
   449 ;; Tracked objects:
   450 ;;		On entry : B1F/0
   451 ;;		On exit  : 0/0
   452 ;;		Unchanged: 0/0
   453 ;; Data sizes:     COMMON   BANK0   BANK1
   454 ;;      Params:         0       0       0
   455 ;;      Locals:         0       2       0
   456 ;;      Temps:          1       0       0
   457 ;;      Totals:         1       2       0
   458 ;;Total ram usage:        3 bytes
   459 ;; Hardware stack levels required when called:    2
   460 ;; This function calls:
   461 ;;		_Delay_ms
   462 ;;		_I2C_ReceiveCheck
   463 ;;		_InitI2C_Slave
   464 ;;		_adconv
   465 ;; This function is called by:
   466 ;;		Startup code after reset
   467 ;; This function uses a non-reentrant model
   468 ;;
   469                           
   470                           
   471                           ;psect for function _main
   472  006E                     _main:	
   473                           
   474                           ;main.c: 65: unsigned int temp;
   475                           ;main.c: 67: OSCCON = 0b01110000;
   476                           
   477                           ;incstack = 0
   478                           ; Regs used in _main: [wreg-fsr0h+status,2+status,0+pclath+cstack]
   479  006E  3070               	movlw	112
   480  006F  0021               	movlb	1	; select bank1
   481  0070  0099               	movwf	25	;volatile
   482                           
   483                           ;main.c: 70: OPTION_REG = 0b00000000;
   484  0071  0195               	clrf	21	;volatile
   485                           
   486                           ;main.c: 73: ANSELA = 0b00010001;
   487  0072  3011               	movlw	17
   488  0073  0023               	movlb	3	; select bank3
   489  0074  008C               	movwf	12	;volatile
   490                           
   491                           ;main.c: 76: TRISA = 0b00011111;
   492  0075  301F               	movlw	31
   493  0076  0021               	movlb	1	; select bank1
   494  0077  008C               	movwf	12	;volatile
   495                           
   496                           ;main.c: 80: ADCON1 = 0b10010000;
   497  0078  3090               	movlw	144
   498  0079  009E               	movwf	30	;volatile
   499                           
   500                           ;main.c: 82: ADCON0 = 0b00001101;
   501  007A  300D               	movlw	13
   502  007B  009D               	movwf	29	;volatile
   503                           
   504                           ;main.c: 83: Delay_ms(1);
   505  007C  3001               	movlw	1
   506  007D  00F3               	movwf	Delay_ms@DELAY_CNT
   507  007E  3000               	movlw	0
   508  007F  00F4               	movwf	Delay_ms@DELAY_CNT+1
   509  0080  2119               	fcall	_Delay_ms
   510                           
   511                           ;main.c: 84: InitI2C_Slave(8);
   512  0081  3008               	movlw	8
   513  0082  00F3               	movwf	InitI2C_Slave@address
   514  0083  3000               	movlw	0
   515  0084  00F4               	movwf	InitI2C_Slave@address+1
   516  0085  2130               	fcall	_InitI2C_Slave
   517                           
   518                           ;main.c: 86: Delay_ms(1000) ;
   519  0086  30E8               	movlw	232
   520  0087  00F3               	movwf	Delay_ms@DELAY_CNT
   521  0088  3003               	movlw	3
   522  0089  00F4               	movwf	Delay_ms@DELAY_CNT+1
   523  008A  2119               	fcall	_Delay_ms
   524  008B                     l886:	
   525                           ;main.c: 88: while(1) {
   526                           
   527                           
   528                           ;main.c: 89: temp = adconv();
   529  008B  20DF               	fcall	_adconv
   530  008C  0874               	movf	?_adconv+1,w
   531  008D  0020               	movlb	0	; select bank0
   532  008E  00B9               	movwf	main@temp+1
   533  008F  0873               	movf	?_adconv,w
   534  0090  00B8               	movwf	main@temp
   535                           
   536                           ;main.c: 90: if(I2C_ReceiveCheck() >= 1) {
   537  0091  2102               	fcall	_I2C_ReceiveCheck
   538  0092  0874               	movf	?_I2C_ReceiveCheck+1,w
   539  0093  3A80               	xorlw	128
   540  0094  00F8               	movwf	??_main
   541  0095  3080               	movlw	128
   542  0096  0278               	subwf	??_main,w
   543  0097  1D03               	skipz
   544  0098  289B               	goto	u305
   545  0099  3001               	movlw	1
   546  009A  0273               	subwf	?_I2C_ReceiveCheck,w
   547  009B                     u305:	
   548  009B  1803               	btfsc	3,0
   549  009C  28C6               	goto	l912
   550  009D  288B               	goto	l886
   551  009E                     l892:	
   552                           ;main.c: 92: case 1: snd_data[0] = 0x10; break;
   553                           
   554                           ;main.c: 91: switch(rcv_data[0]) {
   555                           
   556  009E  3010               	movlw	16
   557  009F  00F8               	movwf	??_main
   558  00A0  0878               	movf	??_main,w
   559  00A1  0020               	movlb	0	; select bank0
   560  00A2  28C4               	goto	L2
   561  00A3                     l894:	
   562                           ;main.c: 93: case 2: snd_data[0] = 0x20; break;
   563                           
   564  00A3  3020               	movlw	32
   565  00A4  28C2               	goto	L6
   566  00A5                     l896:	
   567                           ;main.c: 94: case 3: snd_data[0] = 0x30;snd_data[1] = 0x31; break;
   568                           
   569  00A5  3030               	movlw	48
   570  00A6  00F8               	movwf	??_main
   571  00A7  0878               	movf	??_main,w
   572  00A8  00A2               	movwf	_snd_data
   573  00A9  3031               	movlw	49
   574  00AA  28BD               	goto	L4
   575  00AB                     l898:	
   576                           ;main.c: 95: case 4: snd_data[0] = 0x40;snd_data[1] = 0x41; break;
   577                           
   578  00AB  3040               	movlw	64
   579  00AC  00F8               	movwf	??_main
   580  00AD  0878               	movf	??_main,w
   581  00AE  00A2               	movwf	_snd_data
   582  00AF  3041               	movlw	65
   583  00B0  28BD               	goto	L4
   584  00B1                     l900:	
   585                           ;main.c: 96: case 0xA0: ADCON0 = 0b00000001;
   586                           
   587  00B1  3001               	movlw	1
   588  00B2  28B4               	goto	L5
   589  00B3                     l902:	
   590                           ;main.c: 98: case 0xA4: ADCON0 = 0b00001101;
   591                           
   592                           ;main.c: 97: break;
   593                           
   594  00B3  300D               	movlw	13
   595  00B4                     L5:	
   596  00B4  0021               	movlb	1	; select bank1
   597  00B5  009D               	movwf	29	;volatile
   598                           
   599                           ;main.c: 99: break;
   600  00B6  288B               	goto	l886
   601  00B7                     l904:	
   602                           ;main.c: 100: case 0xAD: snd_data[0] = temp & 0xFF; snd_data[1] = (temp & 0xFF00) >> 8; 
      +                          break;
   603                           
   604  00B7  0020               	movlb	0	; select bank0
   605  00B8  0838               	movf	main@temp,w
   606  00B9  00F8               	movwf	??_main
   607  00BA  0878               	movf	??_main,w
   608  00BB  00A2               	movwf	_snd_data
   609  00BC  0839               	movf	main@temp+1,w
   610  00BD                     L4:	
   611  00BD  00F8               	movwf	??_main
   612  00BE  0878               	movf	??_main,w
   613  00BF  00A3               	movwf	_snd_data+1
   614  00C0  288B               	goto	l886
   615  00C1                     l908:	
   616                           ;main.c: 101: default: snd_data[0] = rcv_data[0]*2; break;
   617                           
   618  00C1  352A               	lslf	_rcv_data,w
   619  00C2                     L6:	
   620  00C2  00F8               	movwf	??_main
   621  00C3  0878               	movf	??_main,w
   622  00C4                     L2:	
   623  00C4  00A2               	movwf	_snd_data
   624                           
   625                           ;main.c: 102: };
   626  00C5  288B               	goto	l886
   627  00C6                     l912:	
   628  00C6  0020               	movlb	0	; select bank0
   629  00C7  082A               	movf	_rcv_data,w
   630                           
   631                           ; Switch size 1, requested type "space"
   632                           ; Number of cases is 7, Range of values is 1 to 173
   633                           ; switch strategies available:
   634                           ; Name         Instructions Cycles
   635                           ; simple_byte           22    12 (average)
   636                           ; jumptable            263     9 (fixed)
   637                           ;	Chosen strategy is simple_byte
   638  00C8  3A01               	xorlw	1	; case 1
   639  00C9  1903               	skipnz
   640  00CA  289E               	goto	l892
   641  00CB  3A03               	xorlw	3	; case 2
   642  00CC  1903               	skipnz
   643  00CD  28A3               	goto	l894
   644  00CE  3A01               	xorlw	1	; case 3
   645  00CF  1903               	skipnz
   646  00D0  28A5               	goto	l896
   647  00D1  3A07               	xorlw	7	; case 4
   648  00D2  1903               	skipnz
   649  00D3  28AB               	goto	l898
   650  00D4  3AA4               	xorlw	164	; case 160
   651  00D5  1903               	skipnz
   652  00D6  28B1               	goto	l900
   653  00D7  3A04               	xorlw	4	; case 164
   654  00D8  1903               	skipnz
   655  00D9  28B3               	goto	l902
   656  00DA  3A09               	xorlw	9	; case 173
   657  00DB  1903               	skipnz
   658  00DC  28B7               	goto	l904
   659  00DD  28C1               	goto	l908
   660                           
   661                           ;main.c: 103: };
   662  00DE  288B               	goto	l886
   663  00DF                     __end_of_main:	
   664                           
   665                           	psect	text1
   666  00DF                     __ptext1:	
   667 ;; *************** function _adconv *****************
   668 ;; Defined at:
   669 ;;		line 54 in file "main.c"
   670 ;; Parameters:    Size  Location     Type
   671 ;;		None
   672 ;; Auto vars:     Size  Location     Type
   673 ;;  temp            2    5[COMMON] unsigned int 
   674 ;; Return value:  Size  Location     Type
   675 ;;                  2    3[COMMON] unsigned int 
   676 ;; Registers used:
   677 ;;		wreg
   678 ;; Tracked objects:
   679 ;;		On entry : 0/0
   680 ;;		On exit  : 0/0
   681 ;;		Unchanged: 0/0
   682 ;; Data sizes:     COMMON   BANK0   BANK1
   683 ;;      Params:         2       0       0
   684 ;;      Locals:         2       0       0
   685 ;;      Temps:          0       6       0
   686 ;;      Totals:         4       6       0
   687 ;;Total ram usage:       10 bytes
   688 ;; Hardware stack levels used:    1
   689 ;; Hardware stack levels required when called:    1
   690 ;; This function calls:
   691 ;;		Nothing
   692 ;; This function is called by:
   693 ;;		_main
   694 ;; This function uses a non-reentrant model
   695 ;;
   696                           
   697                           
   698                           ;psect for function _adconv
   699  00DF                     _adconv:	
   700                           
   701                           ;main.c: 55: unsigned int temp;
   702                           ;main.c: 57: GO_nDONE = 1;
   703                           
   704                           ;incstack = 0
   705                           ; Regs used in _adconv: [wreg]
   706  00DF  0021               	movlb	1	; select bank1
   707  00E0  149D               	bsf	29,1	;volatile
   708  00E1                     l37:	
   709                           ;main.c: 58: while(GO_nDONE);
   710                           
   711  00E1  189D               	btfsc	29,1	;volatile
   712  00E2  28E1               	goto	l37
   713                           
   714                           ;main.c: 59: temp = ADRESH;
   715  00E3  081C               	movf	28,w	;volatile
   716  00E4  0020               	movlb	0	; select bank0
   717  00E5  00B2               	movwf	??_adconv
   718  00E6  01B3               	clrf	??_adconv+1
   719  00E7  0832               	movf	??_adconv,w
   720  00E8  00F5               	movwf	adconv@temp
   721  00E9  0833               	movf	??_adconv+1,w
   722  00EA  00F6               	movwf	adconv@temp+1
   723                           
   724                           ;main.c: 60: temp = (temp << 8) | ADRESL;
   725  00EB  0021               	movlb	1	; select bank1
   726  00EC  081B               	movf	27,w	;volatile
   727  00ED  0020               	movlb	0	; select bank0
   728  00EE  00B2               	movwf	??_adconv
   729  00EF  01B3               	clrf	??_adconv+1
   730  00F0  0875               	movf	adconv@temp,w
   731  00F1  00B5               	movwf	??_adconv+3
   732  00F2  01B4               	clrf	??_adconv+2
   733  00F3  0832               	movf	??_adconv,w
   734  00F4  0434               	iorwf	??_adconv+2,w
   735  00F5  00B6               	movwf	??_adconv+4
   736  00F6  0833               	movf	??_adconv+1,w
   737  00F7  0435               	iorwf	??_adconv+3,w
   738  00F8  00B7               	movwf	??_adconv+5
   739  00F9  0836               	movf	??_adconv+4,w
   740  00FA  00F5               	movwf	adconv@temp
   741  00FB  0837               	movf	??_adconv+5,w
   742  00FC  00F6               	movwf	adconv@temp+1
   743                           
   744                           ;main.c: 61: return temp;
   745  00FD  0876               	movf	adconv@temp+1,w
   746  00FE  00F4               	movwf	?_adconv+1
   747  00FF  0875               	movf	adconv@temp,w
   748  0100  00F3               	movwf	?_adconv
   749  0101  0008               	return
   750  0102                     __end_of_adconv:	
   751                           
   752                           	psect	text2
   753  0130                     __ptext2:	
   754 ;; *************** function _InitI2C_Slave *****************
   755 ;; Defined at:
   756 ;;		line 91 in file "skI2Cslave.c"
   757 ;; Parameters:    Size  Location     Type
   758 ;;  address         2    3[COMMON] int 
   759 ;; Auto vars:     Size  Location     Type
   760 ;;		None
   761 ;; Return value:  Size  Location     Type
   762 ;;                  1    wreg      void 
   763 ;; Registers used:
   764 ;;		wreg, status,2, status,0
   765 ;; Tracked objects:
   766 ;;		On entry : 0/0
   767 ;;		On exit  : 0/0
   768 ;;		Unchanged: 0/0
   769 ;; Data sizes:     COMMON   BANK0   BANK1
   770 ;;      Params:         2       0       0
   771 ;;      Locals:         0       0       0
   772 ;;      Temps:          0       0       0
   773 ;;      Totals:         2       0       0
   774 ;;Total ram usage:        2 bytes
   775 ;; Hardware stack levels used:    1
   776 ;; Hardware stack levels required when called:    1
   777 ;; This function calls:
   778 ;;		Nothing
   779 ;; This function is called by:
   780 ;;		_main
   781 ;; This function uses a non-reentrant model
   782 ;;
   783                           
   784                           
   785                           ;psect for function _InitI2C_Slave
   786  0130                     _InitI2C_Slave:	
   787                           
   788                           ;skI2Cslave.c: 93: SSP1STAT= 0b10000000 ;
   789                           
   790                           ;incstack = 0
   791                           ; Regs used in _InitI2C_Slave: [wreg+status,2+status,0]
   792  0130  3080               	movlw	128
   793  0131  0024               	movlb	4	; select bank4
   794  0132  0094               	movwf	20	;volatile
   795                           
   796                           ;skI2Cslave.c: 94: SSP1CON1= 0b00100110 ;
   797  0133  3026               	movlw	38
   798  0134  0095               	movwf	21	;volatile
   799                           
   800                           ;skI2Cslave.c: 95: SSP1CON2bits.SEN = 1;
   801  0135  1416               	bsf	22,0	;volatile
   802                           
   803                           ;skI2Cslave.c: 97: SSP1ADD = address<<1 ;
   804  0136  3573               	lslf	InitI2C_Slave@address,w
   805  0137  0092               	movwf	18	;volatile
   806                           
   807                           ;skI2Cslave.c: 98: SSP1MSK = 0b11111110 ;
   808  0138  30FE               	movlw	254
   809  0139  0093               	movwf	19	;volatile
   810                           
   811                           ;skI2Cslave.c: 99: SSP1IE = 1 ;
   812  013A  0021               	movlb	1	; select bank1
   813  013B  1591               	bsf	17,3	;volatile
   814                           
   815                           ;skI2Cslave.c: 100: BCL1IE = 1 ;
   816  013C  1592               	bsf	18,3	;volatile
   817                           
   818                           ;skI2Cslave.c: 101: PEIE = 1 ;
   819  013D  170B               	bsf	11,6	;volatile
   820                           
   821                           ;skI2Cslave.c: 102: GIE = 1 ;
   822  013E  178B               	bsf	11,7	;volatile
   823                           
   824                           ;skI2Cslave.c: 103: SSP1IF = 0 ;
   825  013F  0020               	movlb	0	; select bank0
   826  0140  1191               	bcf	17,3	;volatile
   827                           
   828                           ;skI2Cslave.c: 104: BCL1IF = 0 ;
   829  0141  1192               	bcf	18,3	;volatile
   830                           
   831                           ;skI2Cslave.c: 105: rcv_flg = 0 ;
   832  0142  01A0               	clrf	_rcv_flg
   833  0143  01A1               	clrf	_rcv_flg+1
   834  0144  0008               	return
   835  0145                     __end_of_InitI2C_Slave:	
   836                           
   837                           	psect	text3
   838  0102                     __ptext3:	
   839 ;; *************** function _I2C_ReceiveCheck *****************
   840 ;; Defined at:
   841 ;;		line 113 in file "skI2Cslave.c"
   842 ;; Parameters:    Size  Location     Type
   843 ;;		None
   844 ;; Auto vars:     Size  Location     Type
   845 ;;  ans             2    5[COMMON] int 
   846 ;; Return value:  Size  Location     Type
   847 ;;                  2    3[COMMON] int 
   848 ;; Registers used:
   849 ;;		wreg, status,2, status,0
   850 ;; Tracked objects:
   851 ;;		On entry : 0/0
   852 ;;		On exit  : 0/0
   853 ;;		Unchanged: 0/0
   854 ;; Data sizes:     COMMON   BANK0   BANK1
   855 ;;      Params:         2       0       0
   856 ;;      Locals:         2       0       0
   857 ;;      Temps:          0       0       0
   858 ;;      Totals:         4       0       0
   859 ;;Total ram usage:        4 bytes
   860 ;; Hardware stack levels used:    1
   861 ;; Hardware stack levels required when called:    1
   862 ;; This function calls:
   863 ;;		Nothing
   864 ;; This function is called by:
   865 ;;		_main
   866 ;; This function uses a non-reentrant model
   867 ;;
   868                           
   869                           
   870                           ;psect for function _I2C_ReceiveCheck
   871  0102                     _I2C_ReceiveCheck:	
   872                           
   873                           ;skI2Cslave.c: 114: int ans ;
   874                           ;skI2Cslave.c: 116: ans = 0 ;
   875                           
   876                           ;incstack = 0
   877                           ; Regs used in _I2C_ReceiveCheck: [wreg+status,2+status,0]
   878  0102  01F5               	clrf	I2C_ReceiveCheck@ans
   879  0103  01F6               	clrf	I2C_ReceiveCheck@ans+1
   880                           
   881                           ;skI2Cslave.c: 117: if (rcv_flg != 0) {
   882  0104  0020               	movlb	0	; select bank0
   883  0105  0820               	movf	_rcv_flg,w
   884  0106  0421               	iorwf	_rcv_flg+1,w
   885  0107  1903               	btfsc	3,2
   886  0108  2914               	goto	l766
   887                           
   888                           ;skI2Cslave.c: 118: if ((SSP1STATbits.S==0)&&(SSP1STATbits.P==1)) {
   889  0109  0024               	movlb	4	; select bank4
   890  010A  1D94               	btfss	20,3	;volatile
   891  010B  1E14               	btfss	20,4	;volatile
   892  010C  2914               	goto	l766
   893                           
   894                           ;skI2Cslave.c: 119: ans = rcv_flg ;
   895  010D  0020               	movlb	0	; select bank0
   896  010E  0821               	movf	_rcv_flg+1,w
   897  010F  00F6               	movwf	I2C_ReceiveCheck@ans+1
   898  0110  0820               	movf	_rcv_flg,w
   899  0111  00F5               	movwf	I2C_ReceiveCheck@ans
   900                           
   901                           ;skI2Cslave.c: 120: rcv_flg = 0 ;
   902  0112  01A0               	clrf	_rcv_flg
   903  0113  01A1               	clrf	_rcv_flg+1
   904  0114                     l766:	
   905                           
   906                           ;skI2Cslave.c: 121: }
   907                           ;skI2Cslave.c: 122: }
   908                           ;skI2Cslave.c: 123: return(ans) ;
   909  0114  0876               	movf	I2C_ReceiveCheck@ans+1,w
   910  0115  00F4               	movwf	?_I2C_ReceiveCheck+1
   911  0116  0875               	movf	I2C_ReceiveCheck@ans,w
   912  0117  00F3               	movwf	?_I2C_ReceiveCheck
   913  0118  0008               	return
   914  0119                     __end_of_I2C_ReceiveCheck:	
   915                           
   916                           	psect	text4
   917  0119                     __ptext4:	
   918 ;; *************** function _Delay_ms *****************
   919 ;; Defined at:
   920 ;;		line 39 in file "main.c"
   921 ;; Parameters:    Size  Location     Type
   922 ;;  DELAY_CNT       2    3[COMMON] unsigned int 
   923 ;; Auto vars:     Size  Location     Type
   924 ;;  i               2    6[COMMON] unsigned int 
   925 ;; Return value:  Size  Location     Type
   926 ;;                  1    wreg      void 
   927 ;; Registers used:
   928 ;;		wreg, status,2
   929 ;; Tracked objects:
   930 ;;		On entry : 0/0
   931 ;;		On exit  : 0/0
   932 ;;		Unchanged: 0/0
   933 ;; Data sizes:     COMMON   BANK0   BANK1
   934 ;;      Params:         2       0       0
   935 ;;      Locals:         2       0       0
   936 ;;      Temps:          1       0       0
   937 ;;      Totals:         5       0       0
   938 ;;Total ram usage:        5 bytes
   939 ;; Hardware stack levels used:    1
   940 ;; Hardware stack levels required when called:    1
   941 ;; This function calls:
   942 ;;		Nothing
   943 ;; This function is called by:
   944 ;;		_main
   945 ;; This function uses a non-reentrant model
   946 ;;
   947                           
   948                           
   949                           ;psect for function _Delay_ms
   950  0119                     _Delay_ms:	
   951                           
   952                           ;main.c: 40: for (unsigned int i = 0; i < DELAY_CNT; i++) {
   953                           
   954                           ;incstack = 0
   955                           ; Regs used in _Delay_ms: [wreg+status,2]
   956  0119  01F6               	clrf	Delay_ms@i
   957  011A  01F7               	clrf	Delay_ms@i+1
   958  011B                     l31:	
   959  011B  0874               	movf	Delay_ms@DELAY_CNT+1,w
   960  011C  0277               	subwf	Delay_ms@i+1,w
   961  011D  1D03               	skipz
   962  011E  2921               	goto	u155
   963  011F  0873               	movf	Delay_ms@DELAY_CNT,w
   964  0120  0276               	subwf	Delay_ms@i,w
   965  0121                     u155:	
   966  0121  1803               	btfsc	3,0
   967  0122  0008               	return
   968                           
   969                           ;main.c: 41: _delay((unsigned long)((1)*(32000000/4000.0)));
   970  0123  300B               	movlw	11
   971  0124  00F5               	movwf	??_Delay_ms
   972  0125  3062               	movlw	98
   973  0126                     u317:	
   974  0126  0B89               	decfsz	9,f
   975  0127  2926               	goto	u317
   976  0128  0BF5               	decfsz	??_Delay_ms,f
   977  0129  2926               	goto	u317
   978  012A  3200               	nop2
   979  012B  3001               	movlw	1
   980  012C  07F6               	addwf	Delay_ms@i,f
   981  012D  3000               	movlw	0
   982  012E  3DF7               	addwfc	Delay_ms@i+1,f
   983  012F  291B               	goto	l31
   984  0130                     __end_of_Delay_ms:	
   985                           
   986                           	psect	intentry
   987  0004                     __pintentry:	
   988 ;; *************** function _InterI2C *****************
   989 ;; Defined at:
   990 ;;		line 28 in file "skI2Cslave.c"
   991 ;; Parameters:    Size  Location     Type
   992 ;;		None
   993 ;; Auto vars:     Size  Location     Type
   994 ;;  x               1    2[COMMON] unsigned char 
   995 ;; Return value:  Size  Location     Type
   996 ;;                  1    wreg      void 
   997 ;; Registers used:
   998 ;;		wreg, fsr1l, fsr1h, status,2, status,0
   999 ;; Tracked objects:
  1000 ;;		On entry : 0/0
  1001 ;;		On exit  : 0/0
  1002 ;;		Unchanged: 0/0
  1003 ;; Data sizes:     COMMON   BANK0   BANK1
  1004 ;;      Params:         0       0       0
  1005 ;;      Locals:         1       0       0
  1006 ;;      Temps:          2       0       0
  1007 ;;      Totals:         3       0       0
  1008 ;;Total ram usage:        3 bytes
  1009 ;; Hardware stack levels used:    1
  1010 ;; This function calls:
  1011 ;;		Nothing
  1012 ;; This function is called by:
  1013 ;;		Interrupt level 1
  1014 ;; This function uses a non-reentrant model
  1015 ;;
  1016                           
  1017  0004                     _InterI2C:	
  1018                           
  1019                           ;incstack = 0
  1020  0004  147E               	bsf	126,0	;set compiler interrupt flag (level 1)
  1021                           
  1022                           ; Regs used in _InterI2C: [wreg+fsr1l+fsr1h+status,2+status,0]
  1023  0005  3180               	pagesel	$
  1024  0006  0020               	movlb	0	; select bank0
  1025  0007  087F               	movf	127,w
  1026  0008  00F1               	movwf	??_InterI2C+1
  1027                           
  1028                           ;skI2Cslave.c: 29: char x ;
  1029                           ;skI2Cslave.c: 34: if (SSP1IF == 1) {
  1030  0009  1D91               	btfss	17,3	;volatile
  1031  000A  285B               	goto	i1l98
  1032                           
  1033                           ;skI2Cslave.c: 35: if (SSP1STATbits.R_nW == 0) {
  1034  000B  0024               	movlb	4	; select bank4
  1035  000C  1914               	btfsc	20,2	;volatile
  1036  000D  282E               	goto	i1l99
  1037                           
  1038                           ;skI2Cslave.c: 37: if (SSP1STATbits.D_nA == 0) {
  1039  000E  1A94               	btfsc	20,5	;volatile
  1040  000F  281C               	goto	i1l826
  1041                           
  1042                           ;skI2Cslave.c: 39: Rdtp = (char *)rcv_data ;
  1043  0010  302A               	movlw	(low (_rcv_data| 0))& (0+255)
  1044  0011  00F0               	movwf	??_InterI2C
  1045  0012  0870               	movf	??_InterI2C,w
  1046  0013  00F9               	movwf	_Rdtp
  1047                           
  1048                           ;skI2Cslave.c: 40: x = SSP1BUF ;
  1049  0014  0811               	movf	17,w	;volatile
  1050  0015  00F0               	movwf	??_InterI2C
  1051  0016  0870               	movf	??_InterI2C,w
  1052  0017  00F2               	movwf	InterI2C@x
  1053                           
  1054                           ;skI2Cslave.c: 41: rcv_flg = 0 ;
  1055  0018  0020               	movlb	0	; select bank0
  1056  0019  01A0               	clrf	_rcv_flg
  1057  001A  01A1               	clrf	_rcv_flg+1
  1058                           
  1059                           ;skI2Cslave.c: 42: } else {
  1060  001B  2855               	goto	L7
  1061  001C                     i1l826:	
  1062                           
  1063                           ;skI2Cslave.c: 44: *Rdtp = SSP1BUF ;
  1064  001C  0024               	movlb	4	; select bank4
  1065  001D  0811               	movf	17,w	;volatile
  1066  001E  00F0               	movwf	??_InterI2C
  1067  001F  0879               	movf	_Rdtp,w
  1068  0020  0086               	movwf	6
  1069  0021  0187               	clrf	7
  1070  0022  0870               	movf	??_InterI2C,w
  1071  0023  0081               	movwf	1
  1072                           
  1073                           ;skI2Cslave.c: 45: Rdtp++ ;
  1074  0024  3001               	movlw	1
  1075  0025  00F0               	movwf	??_InterI2C
  1076  0026  0870               	movf	??_InterI2C,w
  1077  0027  07F9               	addwf	_Rdtp,f
  1078                           
  1079                           ;skI2Cslave.c: 46: rcv_flg++ ;
  1080  0028  3001               	movlw	1
  1081  0029  0020               	movlb	0	; select bank0
  1082  002A  07A0               	addwf	_rcv_flg,f
  1083  002B  3000               	movlw	0
  1084  002C  3DA1               	addwfc	_rcv_flg+1,f
  1085  002D  2855               	goto	L7
  1086  002E                     i1l99:	
  1087                           ;skI2Cslave.c: 50: } else {
  1088                           
  1089                           ;skI2Cslave.c: 49: SSP1CON1bits.CKP = 1 ;
  1090                           
  1091                           ;skI2Cslave.c: 47: }
  1092                           ;skI2Cslave.c: 48: SSP1IF = 0 ;
  1093                           
  1094                           
  1095                           ;skI2Cslave.c: 52: if (SSP1STATbits.BF == 1) {
  1096  002E  1C14               	btfss	20,0	;volatile
  1097  002F  2841               	goto	i1l103
  1098                           
  1099                           ;skI2Cslave.c: 54: Sdtp = (char *)snd_data ;
  1100  0030  3022               	movlw	(low (_snd_data| 0))& (0+255)
  1101  0031  00F0               	movwf	??_InterI2C
  1102  0032  0870               	movf	??_InterI2C,w
  1103  0033  00FA               	movwf	_Sdtp
  1104                           
  1105                           ;skI2Cslave.c: 55: x = SSP1BUF ;
  1106  0034  0811               	movf	17,w	;volatile
  1107  0035  00F0               	movwf	??_InterI2C
  1108  0036  0870               	movf	??_InterI2C,w
  1109  0037  00F2               	movwf	InterI2C@x
  1110  0038                     i1l838:	
  1111                           ;skI2Cslave.c: 56: while((SSP1CON1bits.CKP)|(SSP1STATbits.BF)) ;
  1112                           
  1113  0038  0814               	movf	20,w	;volatile
  1114  0039  3901               	andlw	1
  1115  003A  00F0               	movwf	??_InterI2C
  1116  003B  0E15               	swapf	21,w	;volatile
  1117  003C  3901               	andlw	1
  1118  003D  0470               	iorwf	??_InterI2C,w
  1119  003E  1D03               	btfss	3,2
  1120  003F  2838               	goto	i1l838
  1121  0040  284B               	goto	i1l852
  1122  0041                     i1l103:	
  1123                           ;skI2Cslave.c: 61: } else {
  1124                           
  1125                           ;skI2Cslave.c: 60: SSP1CON1bits.CKP = 1 ;
  1126                           
  1127                           ;skI2Cslave.c: 59: SSP1IF = 0 ;
  1128                           
  1129                           ;skI2Cslave.c: 58: Sdtp++ ;
  1130                           
  1131                           ;skI2Cslave.c: 57: SSP1BUF = *Sdtp ;
  1132                           
  1133                           
  1134                           ;skI2Cslave.c: 63: if (SSP1CON2bits.ACKSTAT==0) {
  1135  0041  1B16               	btfsc	22,6	;volatile
  1136  0042  2859               	goto	i1l108
  1137  0043                     i1l850:	
  1138                           ;skI2Cslave.c: 65: while((SSP1CON1bits.CKP)|(SSP1STATbits.BF)) ;
  1139                           
  1140  0043  0814               	movf	20,w	;volatile
  1141  0044  3901               	andlw	1
  1142  0045  00F0               	movwf	??_InterI2C
  1143  0046  0E15               	swapf	21,w	;volatile
  1144  0047  3901               	andlw	1
  1145  0048  0470               	iorwf	??_InterI2C,w
  1146  0049  1D03               	btfss	3,2
  1147  004A  2843               	goto	i1l850
  1148  004B                     i1l852:	
  1149                           
  1150                           ;skI2Cslave.c: 66: SSP1BUF = *Sdtp ;
  1151  004B  087A               	movf	_Sdtp,w
  1152  004C  0086               	movwf	6
  1153  004D  0187               	clrf	7
  1154  004E  0801               	movf	1,w
  1155  004F  0091               	movwf	17	;volatile
  1156                           
  1157                           ;skI2Cslave.c: 67: Sdtp++ ;
  1158  0050  3001               	movlw	1
  1159  0051  00F0               	movwf	??_InterI2C
  1160  0052  0870               	movf	??_InterI2C,w
  1161  0053  07FA               	addwf	_Sdtp,f
  1162                           
  1163                           ;skI2Cslave.c: 68: SSP1IF = 0 ;
  1164  0054  0020               	movlb	0	; select bank0
  1165  0055                     L7:	
  1166  0055  1191               	bcf	17,3	;volatile
  1167                           
  1168                           ;skI2Cslave.c: 69: SSP1CON1bits.CKP = 1 ;
  1169  0056  0024               	movlb	4	; select bank4
  1170  0057  1615               	bsf	21,4	;volatile
  1171                           
  1172                           ;skI2Cslave.c: 70: } else {
  1173  0058  285B               	goto	i1l98
  1174  0059                     i1l108:	
  1175                           
  1176                           ;skI2Cslave.c: 72: SSP1IF = 0 ;
  1177  0059  0020               	movlb	0	; select bank0
  1178  005A  1191               	bcf	17,3	;volatile
  1179  005B                     i1l98:	
  1180                           
  1181                           ;skI2Cslave.c: 73: }
  1182                           ;skI2Cslave.c: 74: }
  1183                           ;skI2Cslave.c: 75: }
  1184                           ;skI2Cslave.c: 76: }
  1185                           ;skI2Cslave.c: 80: if (BCL1IF == 1) {
  1186  005B  0020               	movlb	0	; select bank0
  1187  005C  1992               	btfsc	18,3	;volatile
  1188                           
  1189                           ;skI2Cslave.c: 81: BCL1IF = 0 ;
  1190  005D  1192               	bcf	18,3	;volatile
  1191  005E  0871               	movf	??_InterI2C+1,w
  1192  005F  00FF               	movwf	127
  1193  0060  107E               	bcf	126,0	;clear compiler interrupt flag (level 1)
  1194  0061  0009               	retfie
  1195  0062                     __end_of_InterI2C:	
  1196  007E                     btemp	set	126	;btemp
  1197  007E                     int$flags	set	126
  1198  007E                     wtemp0	set	126


Data Sizes:
    Strings     0
    Constant    0
    Data        0
    BSS         20
    Persistent  0
    Stack       0

Auto Spaces:
    Space          Size  Autos    Used
    COMMON           14      9      11
    BANK0            80      8      26
    BANK1            32      0       0

Pointer List with Targets:

    Sdtp	PTR unsigned char  size(1) Largest target is 8
		 -> NULL(NULL[0]), snd_data(BANK0[8]), 

    Rdtp	PTR unsigned char  size(1) Largest target is 8
		 -> NULL(NULL[0]), rcv_data(BANK0[8]), 


Critical Paths under _main in COMMON

    _main->_Delay_ms

Critical Paths under _InterI2C in COMMON

    None.

Critical Paths under _main in BANK0

    _main->_adconv

Critical Paths under _InterI2C in BANK0

    None.

Critical Paths under _main in BANK1

    None.

Critical Paths under _InterI2C in BANK1

    None.

Call Graph Tables:

 ---------------------------------------------------------------------------------
 (Depth) Function   	        Calls       Base Space   Used Autos Params    Refs
 ---------------------------------------------------------------------------------
 (0) _main                                                 3     3      0     384
                                              8 COMMON     1     1      0
                                              6 BANK0      2     2      0
                           _Delay_ms
                   _I2C_ReceiveCheck
                      _InitI2C_Slave
                             _adconv
 ---------------------------------------------------------------------------------
 (1) _adconv                                              10     8      2      68
                                              3 COMMON     4     2      2
                                              0 BANK0      6     6      0
 ---------------------------------------------------------------------------------
 (1) _InitI2C_Slave                                        2     0      2      75
                                              3 COMMON     2     0      2
 ---------------------------------------------------------------------------------
 (1) _I2C_ReceiveCheck                                     4     2      2      24
                                              3 COMMON     4     2      2
 ---------------------------------------------------------------------------------
 (1) _Delay_ms                                             5     3      2     152
                                              3 COMMON     5     3      2
 ---------------------------------------------------------------------------------
 Estimated maximum stack depth 1
 ---------------------------------------------------------------------------------
 (Depth) Function   	        Calls       Base Space   Used Autos Params    Refs
 ---------------------------------------------------------------------------------
 (2) _InterI2C                                             3     3      0       2
                                              0 COMMON     3     3      0
 ---------------------------------------------------------------------------------
 Estimated maximum stack depth 2
 ---------------------------------------------------------------------------------

 Call Graph Graphs:

 _main (ROOT)
   _Delay_ms
   _I2C_ReceiveCheck
   _InitI2C_Slave
   _adconv

 _InterI2C (ROOT)

 Address spaces:
Name               Size   Autos  Total    Cost      Usage
BIGRAM              70      0       0       0        0.0%
EEDATA             100      0       0       0        0.0%
NULL                 0      0       0       0        0.0%
CODE                 0      0       0       0        0.0%
BITCOMMON            E      0       0       1        0.0%
BITSFR0              0      0       0       1        0.0%
SFR0                 0      0       0       1        0.0%
COMMON               E      9       B       2       78.6%
BITSFR1              0      0       0       2        0.0%
SFR1                 0      0       0       2        0.0%
BITSFR2              0      0       0       3        0.0%
SFR2                 0      0       0       3        0.0%
STACK                0      0       0       3        0.0%
BITSFR3              0      0       0       4        0.0%
SFR3                 0      0       0       4        0.0%
ABS                  0      0      25       4        0.0%
BITBANK0            50      0       0       5        0.0%
BITSFR4              0      0       0       5        0.0%
SFR4                 0      0       0       5        0.0%
BANK0               50      8      1A       6       32.5%
BITSFR5              0      0       0       6        0.0%
SFR5                 0      0       0       6        0.0%
BITBANK1            20      0       0       7        0.0%
BITSFR6              0      0       0       7        0.0%
SFR6                 0      0       0       7        0.0%
BANK1               20      0       0       8        0.0%
BITSFR7              0      0       0       8        0.0%
SFR7                 0      0       0       8        0.0%
BITSFR8              0      0       0       9        0.0%
SFR8                 0      0       0       9        0.0%
DATA                 0      0      25       9        0.0%
BITSFR9              0      0       0      10        0.0%
SFR9                 0      0       0      10        0.0%
BITSFR10             0      0       0      11        0.0%
SFR10                0      0       0      11        0.0%
BITSFR11             0      0       0      12        0.0%
SFR11                0      0       0      12        0.0%
BITSFR12             0      0       0      13        0.0%
SFR12                0      0       0      13        0.0%
BITSFR13             0      0       0      14        0.0%
SFR13                0      0       0      14        0.0%
BITSFR14             0      0       0      15        0.0%
SFR14                0      0       0      15        0.0%
BITSFR15             0      0       0      16        0.0%
SFR15                0      0       0      16        0.0%
BITSFR16             0      0       0      17        0.0%
SFR16                0      0       0      17        0.0%
BITSFR17             0      0       0      18        0.0%
SFR17                0      0       0      18        0.0%
BITSFR18             0      0       0      19        0.0%
SFR18                0      0       0      19        0.0%
BITSFR19             0      0       0      20        0.0%
SFR19                0      0       0      20        0.0%
BITSFR20             0      0       0      21        0.0%
SFR20                0      0       0      21        0.0%
BITSFR21             0      0       0      22        0.0%
SFR21                0      0       0      22        0.0%
BITSFR22             0      0       0      23        0.0%
SFR22                0      0       0      23        0.0%
BITSFR23             0      0       0      24        0.0%
SFR23                0      0       0      24        0.0%
BITSFR24             0      0       0      25        0.0%
SFR24                0      0       0      25        0.0%
BITSFR25             0      0       0      26        0.0%
SFR25                0      0       0      26        0.0%
BITSFR26             0      0       0      27        0.0%
SFR26                0      0       0      27        0.0%
BITSFR27             0      0       0      28        0.0%
SFR27                0      0       0      28        0.0%
BITSFR28             0      0       0      29        0.0%
SFR28                0      0       0      29        0.0%
BITSFR29             0      0       0      30        0.0%
SFR29                0      0       0      30        0.0%
BITSFR30             0      0       0      31        0.0%
SFR30                0      0       0      31        0.0%
BITSFR31             0      0       0      32        0.0%
SFR31                0      0       0      32        0.0%


Microchip Technology PIC Macro Assembler V1.41 build -162212810 
Symbol Table                                                                                   Fri Mar  3 14:35:08 2017

              __CFG_CP$OFF 0000                         l31 011B                         l37 00E1  
                      l900 00B1                        l902 00B3                        l904 00B7  
                      l912 00C6                        l908 00C1                        l766 0114  
                      l892 009E                        l894 00A3                        l886 008B  
                      l896 00A5                        l898 00AB                        _GIE 005F  
                      u305 009B                        u155 0121                        u317 0126  
             __CFG_CPD$OFF 0000               __CFG_BORV$LO 0000                        wreg 0009  
             __CFG_IESO$ON 0000               __CFG_LVP$OFF 0000                       _PEIE 005E  
                     i1l98 005B                       i1l99 002E               __CFG_WRT$OFF 0000  
                     _Rdtp 0079                       _Sdtp 007A                       _main 006E  
                     fsr0h 0005                       fsr1h 0007                       indf0 0000  
                     fsr0l 0004                       indf1 0001                       fsr1l 0006  
                     btemp 007E              __CFG_BOREN$ON 0000                       start 0062  
          ??_InitI2C_Slave 0075              __CFG_PLLEN$ON 0000                      ?_main 0070  
            __CFG_WDTE$OFF 0000                      i1l103 0041                      i1l108 0059  
                    i1l850 0043                      i1l826 001C                      i1l852 004B  
                    i1l838 0038                      _TRISA 008C              __CFG_PWRTE$ON 0000  
           __CFG_FCMEN$OFF 0000                      status 0003                      wtemp0 007E  
        Delay_ms@DELAY_CNT 0073           __end_of_Delay_ms 0130             __CFG_MCLRE$OFF 0000  
          __initialization 0063               __end_of_main 00DF           __end_of_InterI2C 0062  
                   ??_main 0078                     _BCL1IE 0493                     _BCL1IF 0093  
                   _ADCON0 009D                     _ADCON1 009E                     _ADRESH 009C  
                   _ADRESL 009B                     _ANSELA 018C                     _OSCCON 0099  
                   _SSP1IE 048B                     _SSP1IF 008B                     _adconv 00DF  
           __CFG_STVREN$ON 0000          ?_I2C_ReceiveCheck 0073         ??_I2C_ReceiveCheck 0075  
  __end_of__initialization 006B             __pcstackCOMMON 0070                  ?_Delay_ms 0073  
               __pbssBANK0 0020                  ?_InterI2C 0070                 __pmaintext 006E  
                  ?_adconv 0073                 __pintentry 0004                 ??_Delay_ms 0075  
               adconv@temp 0075                    _SSP1ADD 0212                    _SSP1BUF 0211  
                  _SSP1MSK 0213                 ??_InterI2C 0070      __end_of_InitI2C_Slave 0145  
          __size_of_adconv 0023                    __ptext1 00DF                    __ptext2 0130  
                  __ptext3 0102                    __ptext4 0119                    _rcv_flg 0020  
                  clrloop0 0146       end_of_initialization 006B                  Delay_ms@i 0076  
         __CFG_FOSC$INTOSC 0000  __size_of_I2C_ReceiveCheck 0017                  InterI2C@x 0072  
           __end_of_adconv 0102        start_initialization 0063          __size_of_Delay_ms 0017  
      I2C_ReceiveCheck@ans 0075          __size_of_InterI2C 005E                   ??_adconv 0032  
              __pbssCOMMON 0079                  ___latbits 0000              __pcstackBANK0 0032  
         _I2C_ReceiveCheck 0102                  clear_ram0 0145                   _GO_nDONE 04E9  
                 _SSP1CON1 0215                   _SSP1STAT 0214                   _Delay_ms 0119  
   __size_of_InitI2C_Slave 0015                   _InterI2C 0004               _SSP1CON1bits 0215  
             _SSP1CON2bits 0216              __size_of_main 0071                   _rcv_data 002A  
                 _snd_data 0022                   int$flags 007E              _InitI2C_Slave 0130  
             _SSP1STATbits 0214                   main@temp 0038                   intlevel1 0000  
        __CFG_CLKOUTEN$OFF 0000             ?_InitI2C_Slave 0073   __end_of_I2C_ReceiveCheck 0119  
               _OPTION_REG 0095       InitI2C_Slave@address 0073  
